<?xml version="1.0" encoding="UTF-8"?>
<testng-results ignored="0" total="1" passed="1" failed="0" skipped="0">
  <reporter-output>
  </reporter-output>
  <suite started-at="2022-12-11T01:49:27 CST" name="Default suite" finished-at="2022-12-11T01:49:36 CST" duration-ms="9279">
    <groups>
    </groups>
    <test started-at="2022-12-11T01:49:27 CST" name="Default test" finished-at="2022-12-11T01:49:36 CST" duration-ms="9279">
      <class name="prjg.Nclass">
        <test-method is-config="true" signature="readconfig()[pri:0, instance:prjg.Nclass@49c7b90e]" started-at="2022-12-11T01:49:27 CST" name="readconfig" finished-at="2022-12-11T01:49:27 CST" duration-ms="4" status="PASS">
          <reporter-output>
          </reporter-output>
        </test-method> <!-- readconfig -->
        <test-method is-config="true" signature="init()[pri:0, instance:prjg.Nclass@49c7b90e]" started-at="2022-12-11T01:49:27 CST" name="init" finished-at="2022-12-11T01:49:28 CST" duration-ms="1554" status="PASS">
          <reporter-output>
          </reporter-output>
        </test-method> <!-- init -->
        <test-method signature="logintest()[pri:1, instance:prjg.Nclass@49c7b90e]" started-at="2022-12-11T01:49:28 CST" name="logintest" finished-at="2022-12-11T01:49:36 CST" duration-ms="7700" status="PASS">
          <reporter-output>
          </reporter-output>
        </test-method> <!-- logintest -->
      </class> <!-- prjg.Nclass -->
    </test> <!-- Default test -->
  </suite> <!-- Default suite -->
</testng-results>
